ERROR info.magnolia.publishing.command.PublicationCommand 11.02.2022 13:09:28 -- Receiver: magnoliaPublic8080, error: Unable to contact receiver, HTTP response code: 403.
info.magnolia.publishing.exception.PublicationException: Unable to contact receiver, HTTP response code: 403.
	at info.magnolia.publishing.sender.operation.HttpPublicationOperation.execute(HttpPublicationOperation.java:165) ~[magnolia-publishing-sender-1.3.3.jar:?]
	at info.magnolia.publishing.sender.operation.HttpPublicationOperation.execute(HttpPublicationOperation.java:75) ~[magnolia-publishing-sender-1.3.3.jar:?]
	at info.magnolia.publishing.sender.AbstractSender$2.doRun(AbstractSender.java:295) ~[magnolia-publishing-core-1.3.3.jar:?]
	at info.magnolia.publishing.sender.AbstractSender$Task.run(AbstractSender.java:317) ~[magnolia-publishing-core-1.3.3.jar:?]
	at java.util.concurrent.Executors$RunnableAdapter.call(Executors.java:515) ~[?:?]
	at com.google.common.util.concurrent.TrustedListenableFutureTask$TrustedFutureInterruptibleTask.runInterruptibly(TrustedListenableFutureTask.java:125) ~[guava-30.1-jre.jar:?]
	at com.google.common.util.concurrent.InterruptibleTask.run(InterruptibleTask.java:69) ~[guava-30.1-jre.jar:?]
	at com.google.common.util.concurrent.TrustedListenableFutureTask.run(TrustedListenableFutureTask.java:78) ~[guava-30.1-jre.jar:?]
	at java.util.concurrent.ThreadPoolExecutor.runWorker(ThreadPoolExecutor.java:1128) ~[?:?]
	at java.util.concurrent.ThreadPoolExecutor$Worker.run(ThreadPoolExecutor.java:628) ~[?:?]
	at java.lang.Thread.run(Thread.java:829) [?:?]
ERROR info.magnolia.publishing.command.PublicationCommand 11.02.2022 13:09:33 -- Receiver: magnoliaPublic8080, error: Unable to contact receiver, HTTP response code: 403.
info.magnolia.publishing.exception.PublicationException: Unable to contact receiver, HTTP response code: 403.
	at info.magnolia.publishing.sender.operation.HttpPublicationOperation.execute(HttpPublicationOperation.java:165) ~[magnolia-publishing-sender-1.3.3.jar:?]
	at info.magnolia.publishing.sender.operation.HttpPublicationOperation.execute(HttpPublicationOperation.java:75) ~[magnolia-publishing-sender-1.3.3.jar:?]
	at info.magnolia.publishing.sender.AbstractSender$2.doRun(AbstractSender.java:295) ~[magnolia-publishing-core-1.3.3.jar:?]
	at info.magnolia.publishing.sender.AbstractSender$Task.run(AbstractSender.java:317) ~[magnolia-publishing-core-1.3.3.jar:?]
	at java.util.concurrent.Executors$RunnableAdapter.call(Executors.java:515) ~[?:?]
	at com.google.common.util.concurrent.TrustedListenableFutureTask$TrustedFutureInterruptibleTask.runInterruptibly(TrustedListenableFutureTask.java:125) ~[guava-30.1-jre.jar:?]
	at com.google.common.util.concurrent.InterruptibleTask.run(InterruptibleTask.java:69) ~[guava-30.1-jre.jar:?]
	at com.google.common.util.concurrent.TrustedListenableFutureTask.run(TrustedListenableFutureTask.java:78) ~[guava-30.1-jre.jar:?]
	at java.util.concurrent.ThreadPoolExecutor.runWorker(ThreadPoolExecutor.java:1128) ~[?:?]
	at java.util.concurrent.ThreadPoolExecutor$Worker.run(ThreadPoolExecutor.java:628) ~[?:?]
	at java.lang.Thread.run(Thread.java:829) [?:?]
ERROR info.magnolia.publishing.command.PublicationCommand 11.02.2022 13:09:37 -- Receiver: magnoliaPublic8080, error: Unable to contact receiver, HTTP response code: 403.
info.magnolia.publishing.exception.PublicationException: Unable to contact receiver, HTTP response code: 403.
	at info.magnolia.publishing.sender.operation.HttpPublicationOperation.execute(HttpPublicationOperation.java:165) ~[magnolia-publishing-sender-1.3.3.jar:?]
	at info.magnolia.publishing.sender.operation.HttpPublicationOperation.execute(HttpPublicationOperation.java:75) ~[magnolia-publishing-sender-1.3.3.jar:?]
	at info.magnolia.publishing.sender.AbstractSender$2.doRun(AbstractSender.java:295) ~[magnolia-publishing-core-1.3.3.jar:?]
	at info.magnolia.publishing.sender.AbstractSender$Task.run(AbstractSender.java:317) ~[magnolia-publishing-core-1.3.3.jar:?]
	at java.util.concurrent.Executors$RunnableAdapter.call(Executors.java:515) ~[?:?]
	at com.google.common.util.concurrent.TrustedListenableFutureTask$TrustedFutureInterruptibleTask.runInterruptibly(TrustedListenableFutureTask.java:125) ~[guava-30.1-jre.jar:?]
	at com.google.common.util.concurrent.InterruptibleTask.run(InterruptibleTask.java:69) ~[guava-30.1-jre.jar:?]
	at com.google.common.util.concurrent.TrustedListenableFutureTask.run(TrustedListenableFutureTask.java:78) ~[guava-30.1-jre.jar:?]
	at java.util.concurrent.ThreadPoolExecutor.runWorker(ThreadPoolExecutor.java:1128) ~[?:?]
	at java.util.concurrent.ThreadPoolExecutor$Worker.run(ThreadPoolExecutor.java:628) ~[?:?]
	at java.lang.Thread.run(Thread.java:829) [?:?]
